****                   ADMIXTURE Version 1.3.0                  ****
****                    Copyright 2008-2015                     ****
****           David Alexander, Suyash Shringarpure,            ****
****                John  Novembre, Ken Lange                   ****
****                                                            ****
****                 Please cite our paper!                     ****
****   Information at www.genetics.ucla.edu/software/admixture  ****

Cross-validation will be performed.  Folds=5.
Random seed: 43
Point estimation method: Block relaxation algorithm
Convergence acceleration algorithm: QuasiNewton, 3 secant conditions
Point estimation will terminate when objective function delta < 0.0001
Estimation of standard errors disabled; will compute point estimates only.
Size of G: 215x9891
Performing five EM steps to prime main algorithm
1 (EM) 	Elapsed: 0.482	Loglikelihood: -1.76537e+06	(delta): 1.47455e+06
2 (EM) 	Elapsed: 0.406	Loglikelihood: -1.68864e+06	(delta): 76729.5
3 (EM) 	Elapsed: 0.433	Loglikelihood: -1.67086e+06	(delta): 17781.3
4 (EM) 	Elapsed: 0.299	Loglikelihood: -1.66052e+06	(delta): 10335.3
5 (EM) 	Elapsed: 0.275	Loglikelihood: -1.65302e+06	(delta): 7505.4
Initial loglikelihood: -1.65302e+06
Starting main algorithm
1 (QN/Block) 	Elapsed: 1.107	Loglikelihood: -1.53501e+06	(delta): 118005
2 (QN/Block) 	Elapsed: 0.765	Loglikelihood: -1.49035e+06	(delta): 44659.8
3 (QN/Block) 	Elapsed: 0.717	Loglikelihood: -1.47812e+06	(delta): 12231.5
4 (QN/Block) 	Elapsed: 0.758	Loglikelihood: -1.47362e+06	(delta): 4495.63
5 (QN/Block) 	Elapsed: 0.855	Loglikelihood: -1.47234e+06	(delta): 1286.21
6 (QN/Block) 	Elapsed: 1.101	Loglikelihood: -1.4718e+06	(delta): 534.181
7 (QN/Block) 	Elapsed: 1.487	Loglikelihood: -1.47163e+06	(delta): 175.518
8 (QN/Block) 	Elapsed: 1.255	Loglikelihood: -1.47153e+06	(delta): 103.153
9 (QN/Block) 	Elapsed: 1.117	Loglikelihood: -1.47143e+06	(delta): 100.017
10 (QN/Block) 	Elapsed: 0.792	Loglikelihood: -1.47134e+06	(delta): 84.0219
11 (QN/Block) 	Elapsed: 1.144	Loglikelihood: -1.47111e+06	(delta): 230.677
12 (QN/Block) 	Elapsed: 0.859	Loglikelihood: -1.47099e+06	(delta): 120.382
13 (QN/Block) 	Elapsed: 0.671	Loglikelihood: -1.4709e+06	(delta): 92.365
14 (QN/Block) 	Elapsed: 1.1	Loglikelihood: -1.47083e+06	(delta): 70.9332
15 (QN/Block) 	Elapsed: 1.228	Loglikelihood: -1.47076e+06	(delta): 64.2147
16 (QN/Block) 	Elapsed: 0.836	Loglikelihood: -1.47075e+06	(delta): 13.3937
17 (QN/Block) 	Elapsed: 0.71	Loglikelihood: -1.47074e+06	(delta): 10.2099
18 (QN/Block) 	Elapsed: 0.67	Loglikelihood: -1.47073e+06	(delta): 8.59661
19 (QN/Block) 	Elapsed: 0.665	Loglikelihood: -1.47072e+06	(delta): 8.46531
20 (QN/Block) 	Elapsed: 0.829	Loglikelihood: -1.47071e+06	(delta): 12.6307
21 (QN/Block) 	Elapsed: 1.411	Loglikelihood: -1.47069e+06	(delta): 17.3356
22 (QN/Block) 	Elapsed: 1.435	Loglikelihood: -1.47068e+06	(delta): 12.5675
23 (QN/Block) 	Elapsed: 0.954	Loglikelihood: -1.47067e+06	(delta): 6.88438
24 (QN/Block) 	Elapsed: 0.679	Loglikelihood: -1.47067e+06	(delta): 1.05238
25 (QN/Block) 	Elapsed: 1.098	Loglikelihood: -1.47067e+06	(delta): 0.260284
26 (QN/Block) 	Elapsed: 1.096	Loglikelihood: -1.47067e+06	(delta): 0.108744
27 (QN/Block) 	Elapsed: 1.063	Loglikelihood: -1.47067e+06	(delta): 0.0316664
28 (QN/Block) 	Elapsed: 0.762	Loglikelihood: -1.47067e+06	(delta): 0.0141456
29 (QN/Block) 	Elapsed: 1.121	Loglikelihood: -1.47067e+06	(delta): 0.00299968
30 (QN/Block) 	Elapsed: 1.137	Loglikelihood: -1.47067e+06	(delta): 0.00170195
31 (QN/Block) 	Elapsed: 1.23	Loglikelihood: -1.47067e+06	(delta): 3.03769e-05
Summary: 
Converged in 31 iterations (34.133 sec)
Loglikelihood: -1470671.204941
Fst divergences between estimated populations: 
	Pop0	Pop1	Pop2	Pop3	
Pop0	
Pop1	0.138	
Pop2	0.117	0.110	
Pop3	0.128	0.194	0.159	
Pop4	0.107	0.169	0.136	0.057	
CV error (K=5): 0.43247
Writing output files.
