****                   ADMIXTURE Version 1.3.0                  ****
****                    Copyright 2008-2015                     ****
****           David Alexander, Suyash Shringarpure,            ****
****                John  Novembre, Ken Lange                   ****
****                                                            ****
****                 Please cite our paper!                     ****
****   Information at www.genetics.ucla.edu/software/admixture  ****

Cross-validation will be performed.  Folds=5.
Random seed: 43
Point estimation method: Block relaxation algorithm
Convergence acceleration algorithm: QuasiNewton, 3 secant conditions
Point estimation will terminate when objective function delta < 0.0001
Estimation of standard errors disabled; will compute point estimates only.
Size of G: 215x9891
Performing five EM steps to prime main algorithm
1 (EM) 	Elapsed: 0.71	Loglikelihood: -1.76398e+06	(delta): 1.39242e+06
2 (EM) 	Elapsed: 0.668	Loglikelihood: -1.68571e+06	(delta): 78265.4
3 (EM) 	Elapsed: 0.698	Loglikelihood: -1.66935e+06	(delta): 16361.7
4 (EM) 	Elapsed: 0.732	Loglikelihood: -1.65961e+06	(delta): 9735.22
5 (EM) 	Elapsed: 0.762	Loglikelihood: -1.65205e+06	(delta): 7558.73
Initial loglikelihood: -1.65205e+06
Starting main algorithm
1 (QN/Block) 	Elapsed: 1.319	Loglikelihood: -1.51983e+06	(delta): 132221
2 (QN/Block) 	Elapsed: 1.013	Loglikelihood: -1.46227e+06	(delta): 57563.8
3 (QN/Block) 	Elapsed: 1.191	Loglikelihood: -1.44592e+06	(delta): 16346.5
4 (QN/Block) 	Elapsed: 2.045	Loglikelihood: -1.43865e+06	(delta): 7278.23
5 (QN/Block) 	Elapsed: 1.72	Loglikelihood: -1.43565e+06	(delta): 2990.94
6 (QN/Block) 	Elapsed: 1.307	Loglikelihood: -1.4346e+06	(delta): 1052.34
7 (QN/Block) 	Elapsed: 1.541	Loglikelihood: -1.43426e+06	(delta): 337.093
8 (QN/Block) 	Elapsed: 1.067	Loglikelihood: -1.43413e+06	(delta): 135.177
9 (QN/Block) 	Elapsed: 1.793	Loglikelihood: -1.43409e+06	(delta): 34.9506
10 (QN/Block) 	Elapsed: 1.984	Loglikelihood: -1.43408e+06	(delta): 17.7969
11 (QN/Block) 	Elapsed: 1.723	Loglikelihood: -1.43406e+06	(delta): 12.6914
12 (QN/Block) 	Elapsed: 1.877	Loglikelihood: -1.43403e+06	(delta): 31.266
13 (QN/Block) 	Elapsed: 1.639	Loglikelihood: -1.43402e+06	(delta): 9.46853
14 (QN/Block) 	Elapsed: 1.253	Loglikelihood: -1.43401e+06	(delta): 11.4776
15 (QN/Block) 	Elapsed: 1.739	Loglikelihood: -1.434e+06	(delta): 11.4029
16 (QN/Block) 	Elapsed: 1.954	Loglikelihood: -1.43399e+06	(delta): 11.7248
17 (QN/Block) 	Elapsed: 1.23	Loglikelihood: -1.43398e+06	(delta): 4.70206
18 (QN/Block) 	Elapsed: 1.084	Loglikelihood: -1.43398e+06	(delta): 6.3521
19 (QN/Block) 	Elapsed: 2.221	Loglikelihood: -1.43397e+06	(delta): 4.4802
20 (QN/Block) 	Elapsed: 1.88	Loglikelihood: -1.43397e+06	(delta): 1.41459
21 (QN/Block) 	Elapsed: 1.106	Loglikelihood: -1.43397e+06	(delta): 0.110327
22 (QN/Block) 	Elapsed: 1.846	Loglikelihood: -1.43397e+06	(delta): 0.0547387
23 (QN/Block) 	Elapsed: 1.782	Loglikelihood: -1.43397e+06	(delta): 0.118957
24 (QN/Block) 	Elapsed: 1.372	Loglikelihood: -1.43397e+06	(delta): 0.120464
25 (QN/Block) 	Elapsed: 1.085	Loglikelihood: -1.43397e+06	(delta): 0.119151
26 (QN/Block) 	Elapsed: 1.515	Loglikelihood: -1.43397e+06	(delta): 0.029562
27 (QN/Block) 	Elapsed: 1.442	Loglikelihood: -1.43397e+06	(delta): 0.00395101
28 (QN/Block) 	Elapsed: 1.818	Loglikelihood: -1.43397e+06	(delta): 0.000505246
29 (QN/Block) 	Elapsed: 1.7	Loglikelihood: -1.43397e+06	(delta): 0.000168835
30 (QN/Block) 	Elapsed: 1.151	Loglikelihood: -1.43397e+06	(delta): 1.27952e-05
Summary: 
Converged in 30 iterations (51.839 sec)
Loglikelihood: -1433971.258714
Fst divergences between estimated populations: 
	Pop0	Pop1	Pop2	Pop3	Pop4	Pop5	
Pop0	
Pop1	0.116	
Pop2	0.061	0.100	
Pop3	0.163	0.143	0.138	
Pop4	0.200	0.174	0.177	0.128	
Pop5	0.170	0.142	0.151	0.093	0.117	
Pop6	0.219	0.230	0.201	0.203	0.199	0.200	
CV error (K=7): 0.43386
Writing output files.
