****                   ADMIXTURE Version 1.3.0                  ****
****                    Copyright 2008-2015                     ****
****           David Alexander, Suyash Shringarpure,            ****
****                John  Novembre, Ken Lange                   ****
****                                                            ****
****                 Please cite our paper!                     ****
****   Information at www.genetics.ucla.edu/software/admixture  ****

Cross-validation will be performed.  Folds=5.
Random seed: 43
Point estimation method: Block relaxation algorithm
Convergence acceleration algorithm: QuasiNewton, 3 secant conditions
Point estimation will terminate when objective function delta < 0.0001
Estimation of standard errors disabled; will compute point estimates only.
Size of G: 215x9891
Performing five EM steps to prime main algorithm
1 (EM) 	Elapsed: 0.372	Loglikelihood: -1.76289e+06	(delta): 1.55107e+06
2 (EM) 	Elapsed: 0.221	Loglikelihood: -1.68938e+06	(delta): 73507.1
3 (EM) 	Elapsed: 0.231	Loglikelihood: -1.67155e+06	(delta): 17827.9
4 (EM) 	Elapsed: 0.205	Loglikelihood: -1.66153e+06	(delta): 10025.6
5 (EM) 	Elapsed: 0.205	Loglikelihood: -1.65474e+06	(delta): 6785.01
Initial loglikelihood: -1.65474e+06
Starting main algorithm
1 (QN/Block) 	Elapsed: 0.499	Loglikelihood: -1.55079e+06	(delta): 103948
2 (QN/Block) 	Elapsed: 0.909	Loglikelihood: -1.5203e+06	(delta): 30496.8
3 (QN/Block) 	Elapsed: 0.601	Loglikelihood: -1.51045e+06	(delta): 9843.99
4 (QN/Block) 	Elapsed: 0.788	Loglikelihood: -1.5048e+06	(delta): 5656.55
5 (QN/Block) 	Elapsed: 0.889	Loglikelihood: -1.50237e+06	(delta): 2429.49
6 (QN/Block) 	Elapsed: 1.132	Loglikelihood: -1.50083e+06	(delta): 1538.03
7 (QN/Block) 	Elapsed: 0.977	Loglikelihood: -1.49782e+06	(delta): 3010.48
8 (QN/Block) 	Elapsed: 1.027	Loglikelihood: -1.49375e+06	(delta): 4063.57
9 (QN/Block) 	Elapsed: 0.974	Loglikelihood: -1.49105e+06	(delta): 2701.99
10 (QN/Block) 	Elapsed: 0.867	Loglikelihood: -1.49036e+06	(delta): 694.723
11 (QN/Block) 	Elapsed: 0.88	Loglikelihood: -1.49023e+06	(delta): 130.611
12 (QN/Block) 	Elapsed: 0.813	Loglikelihood: -1.4902e+06	(delta): 27.5933
13 (QN/Block) 	Elapsed: 0.773	Loglikelihood: -1.49019e+06	(delta): 10.1305
14 (QN/Block) 	Elapsed: 0.617	Loglikelihood: -1.49019e+06	(delta): 4.18137
15 (QN/Block) 	Elapsed: 0.779	Loglikelihood: -1.49018e+06	(delta): 3.14078
16 (QN/Block) 	Elapsed: 1.031	Loglikelihood: -1.49018e+06	(delta): 0.0863766
17 (QN/Block) 	Elapsed: 0.677	Loglikelihood: -1.49018e+06	(delta): 0.0119261
18 (QN/Block) 	Elapsed: 0.905	Loglikelihood: -1.49018e+06	(delta): 0.00123926
19 (QN/Block) 	Elapsed: 0.696	Loglikelihood: -1.49018e+06	(delta): 0.00013212
20 (QN/Block) 	Elapsed: 0.592	Loglikelihood: -1.49018e+06	(delta): 1.1855e-05
Summary: 
Converged in 20 iterations (18.701 sec)
Loglikelihood: -1490182.462535
Fst divergences between estimated populations: 
	Pop0	Pop1	Pop2	
Pop0	
Pop1	0.154	
Pop2	0.129	0.097	
Pop3	0.052	0.173	0.144	
CV error (K=4): 0.43188
Writing output files.
