****                   ADMIXTURE Version 1.3.0                  ****
****                    Copyright 2008-2015                     ****
****           David Alexander, Suyash Shringarpure,            ****
****                John  Novembre, Ken Lange                   ****
****                                                            ****
****                 Please cite our paper!                     ****
****   Information at www.genetics.ucla.edu/software/admixture  ****

Cross-validation will be performed.  Folds=5.
Random seed: 43
Point estimation method: Block relaxation algorithm
Convergence acceleration algorithm: QuasiNewton, 3 secant conditions
Point estimation will terminate when objective function delta < 0.0001
Estimation of standard errors disabled; will compute point estimates only.
Size of G: 215x9891
Performing five EM steps to prime main algorithm
1 (EM) 	Elapsed: 0.277	Loglikelihood: -1.75692e+06	(delta): 1.69405e+06
2 (EM) 	Elapsed: 0.275	Loglikelihood: -1.68414e+06	(delta): 72774.3
3 (EM) 	Elapsed: 0.273	Loglikelihood: -1.66573e+06	(delta): 18408.3
4 (EM) 	Elapsed: 0.24	Loglikelihood: -1.65588e+06	(delta): 9849.74
5 (EM) 	Elapsed: 0.232	Loglikelihood: -1.64953e+06	(delta): 6353.14
Initial loglikelihood: -1.64953e+06
Starting main algorithm
1 (QN/Block) 	Elapsed: 0.428	Loglikelihood: -1.56567e+06	(delta): 83861.4
2 (QN/Block) 	Elapsed: 0.736	Loglikelihood: -1.53431e+06	(delta): 31362.8
3 (QN/Block) 	Elapsed: 0.629	Loglikelihood: -1.51872e+06	(delta): 15584.8
4 (QN/Block) 	Elapsed: 0.481	Loglikelihood: -1.51229e+06	(delta): 6429.41
5 (QN/Block) 	Elapsed: 0.479	Loglikelihood: -1.51074e+06	(delta): 1550
6 (QN/Block) 	Elapsed: 0.468	Loglikelihood: -1.51054e+06	(delta): 200.998
7 (QN/Block) 	Elapsed: 0.397	Loglikelihood: -1.5105e+06	(delta): 37.9967
8 (QN/Block) 	Elapsed: 0.421	Loglikelihood: -1.5105e+06	(delta): 4.57291
9 (QN/Block) 	Elapsed: 0.4	Loglikelihood: -1.5105e+06	(delta): 0.168928
10 (QN/Block) 	Elapsed: 0.402	Loglikelihood: -1.5105e+06	(delta): 0.0113129
11 (QN/Block) 	Elapsed: 0.611	Loglikelihood: -1.5105e+06	(delta): 0.00117315
12 (QN/Block) 	Elapsed: 0.504	Loglikelihood: -1.5105e+06	(delta): 1.48749e-05
Summary: 
Converged in 12 iterations (7.916 sec)
Loglikelihood: -1510498.717928
Fst divergences between estimated populations: 
	Pop0	Pop1	
Pop0	
Pop1	0.129	
Pop2	0.156	0.097	
CV error (K=3): 0.43250
Writing output files.
