****                   ADMIXTURE Version 1.3.0                  ****
****                    Copyright 2008-2015                     ****
****           David Alexander, Suyash Shringarpure,            ****
****                John  Novembre, Ken Lange                   ****
****                                                            ****
****                 Please cite our paper!                     ****
****   Information at www.genetics.ucla.edu/software/admixture  ****

Cross-validation will be performed.  Folds=5.
Random seed: 43
Point estimation method: Block relaxation algorithm
Convergence acceleration algorithm: QuasiNewton, 3 secant conditions
Point estimation will terminate when objective function delta < 0.0001
Estimation of standard errors disabled; will compute point estimates only.
Size of G: 215x9891
Performing five EM steps to prime main algorithm
1 (EM) 	Elapsed: 0.187	Loglikelihood: -1.73037e+06	(delta): 1.9628e+06
2 (EM) 	Elapsed: 0.188	Loglikelihood: -1.67234e+06	(delta): 58026.8
3 (EM) 	Elapsed: 0.183	Loglikelihood: -1.65897e+06	(delta): 13367.7
4 (EM) 	Elapsed: 0.174	Loglikelihood: -1.65281e+06	(delta): 6161.02
5 (EM) 	Elapsed: 0.123	Loglikelihood: -1.64977e+06	(delta): 3043.04
Initial loglikelihood: -1.64977e+06
Starting main algorithm
1 (QN/Block) 	Elapsed: 0.326	Loglikelihood: -1.61087e+06	(delta): 38897.6
2 (QN/Block) 	Elapsed: 0.275	Loglikelihood: -1.57038e+06	(delta): 40494.7
3 (QN/Block) 	Elapsed: 0.323	Loglikelihood: -1.55857e+06	(delta): 11804.2
4 (QN/Block) 	Elapsed: 0.323	Loglikelihood: -1.54849e+06	(delta): 10080
5 (QN/Block) 	Elapsed: 0.349	Loglikelihood: -1.54245e+06	(delta): 6044.07
6 (QN/Block) 	Elapsed: 0.323	Loglikelihood: -1.54217e+06	(delta): 280.984
7 (QN/Block) 	Elapsed: 0.342	Loglikelihood: -1.54208e+06	(delta): 88.5629
8 (QN/Block) 	Elapsed: 0.307	Loglikelihood: -1.54204e+06	(delta): 41.2562
9 (QN/Block) 	Elapsed: 0.342	Loglikelihood: -1.54203e+06	(delta): 4.57296
10 (QN/Block) 	Elapsed: 0.34	Loglikelihood: -1.54203e+06	(delta): 0.00906345
11 (QN/Block) 	Elapsed: 0.464	Loglikelihood: -1.54203e+06	(delta): 0.000407333
12 (QN/Block) 	Elapsed: 0.506	Loglikelihood: -1.54203e+06	(delta): 6.46315e-06
Summary: 
Converged in 12 iterations (5.65 sec)
Loglikelihood: -1542033.552982
Fst divergences between estimated populations: 
	Pop0	
Pop0	
Pop1	0.120	
CV error (K=2): 0.43861
Writing output files.
