****                   ADMIXTURE Version 1.3.0                  ****
****                    Copyright 2008-2015                     ****
****           David Alexander, Suyash Shringarpure,            ****
****                John  Novembre, Ken Lange                   ****
****                                                            ****
****                 Please cite our paper!                     ****
****   Information at www.genetics.ucla.edu/software/admixture  ****

Cross-validation will be performed.  Folds=5.
Random seed: 43
Point estimation method: Block relaxation algorithm
Convergence acceleration algorithm: QuasiNewton, 3 secant conditions
Point estimation will terminate when objective function delta < 0.0001
Estimation of standard errors disabled; will compute point estimates only.
Size of G: 215x9891
Performing five EM steps to prime main algorithm
1 (EM) 	Elapsed: 0.109	Loglikelihood: -1.65521e+06	(delta): 2.62166e+06
2 (EM) 	Elapsed: 0.11	Loglikelihood: -1.65521e+06	(delta): 0
3 (EM) 	Elapsed: 0.111	Loglikelihood: -1.65521e+06	(delta): 0
4 (EM) 	Elapsed: 0.108	Loglikelihood: -1.65521e+06	(delta): 0
5 (EM) 	Elapsed: 0.113	Loglikelihood: -1.65521e+06	(delta): 0
Initial loglikelihood: -1.65521e+06
Starting main algorithm
1 (QN/Block) 	Elapsed: 0.335	Loglikelihood: -1.65521e+06	(delta): 0
Summary: 
Converged in 1 iterations (1.234 sec)
Loglikelihood: -1655211.910383
CV error (K=1): 0.48459
Writing output files.
