****                   ADMIXTURE Version 1.3.0                  ****
****                    Copyright 2008-2015                     ****
****           David Alexander, Suyash Shringarpure,            ****
****                John  Novembre, Ken Lange                   ****
****                                                            ****
****                 Please cite our paper!                     ****
****   Information at www.genetics.ucla.edu/software/admixture  ****

Cross-validation will be performed.  Folds=5.
Random seed: 43
Point estimation method: Block relaxation algorithm
Convergence acceleration algorithm: QuasiNewton, 3 secant conditions
Point estimation will terminate when objective function delta < 0.0001
Estimation of standard errors disabled; will compute point estimates only.
Size of G: 215x9891
Performing five EM steps to prime main algorithm
1 (EM) 	Elapsed: 0.561	Loglikelihood: -1.76488e+06	(delta): 1.42966e+06
2 (EM) 	Elapsed: 0.41	Loglikelihood: -1.68764e+06	(delta): 77239.6
3 (EM) 	Elapsed: 0.555	Loglikelihood: -1.67098e+06	(delta): 16657.7
4 (EM) 	Elapsed: 0.541	Loglikelihood: -1.66141e+06	(delta): 9568.38
5 (EM) 	Elapsed: 0.589	Loglikelihood: -1.6544e+06	(delta): 7014.03
Initial loglikelihood: -1.6544e+06
Starting main algorithm
1 (QN/Block) 	Elapsed: 1.136	Loglikelihood: -1.52473e+06	(delta): 129669
2 (QN/Block) 	Elapsed: 1.193	Loglikelihood: -1.48443e+06	(delta): 40296.9
3 (QN/Block) 	Elapsed: 1.217	Loglikelihood: -1.46794e+06	(delta): 16490.5
4 (QN/Block) 	Elapsed: 1.198	Loglikelihood: -1.45909e+06	(delta): 8850.22
5 (QN/Block) 	Elapsed: 1.45	Loglikelihood: -1.45523e+06	(delta): 3865.5
6 (QN/Block) 	Elapsed: 1.518	Loglikelihood: -1.45371e+06	(delta): 1513.15
7 (QN/Block) 	Elapsed: 1.262	Loglikelihood: -1.45312e+06	(delta): 595.083
8 (QN/Block) 	Elapsed: 1.056	Loglikelihood: -1.45279e+06	(delta): 334.003
9 (QN/Block) 	Elapsed: 1.173	Loglikelihood: -1.45252e+06	(delta): 266.124
10 (QN/Block) 	Elapsed: 0.866	Loglikelihood: -1.45233e+06	(delta): 193.16
11 (QN/Block) 	Elapsed: 0.922	Loglikelihood: -1.4522e+06	(delta): 129.249
12 (QN/Block) 	Elapsed: 0.848	Loglikelihood: -1.45215e+06	(delta): 46.8248
13 (QN/Block) 	Elapsed: 0.851	Loglikelihood: -1.45214e+06	(delta): 11.0128
14 (QN/Block) 	Elapsed: 0.886	Loglikelihood: -1.45214e+06	(delta): 2.15111
15 (QN/Block) 	Elapsed: 1.382	Loglikelihood: -1.45214e+06	(delta): 0.512937
16 (QN/Block) 	Elapsed: 0.958	Loglikelihood: -1.45214e+06	(delta): 0.0571141
17 (QN/Block) 	Elapsed: 1.213	Loglikelihood: -1.45214e+06	(delta): 0.010875
18 (QN/Block) 	Elapsed: 1.642	Loglikelihood: -1.45214e+06	(delta): 0.00294641
19 (QN/Block) 	Elapsed: 1.259	Loglikelihood: -1.45214e+06	(delta): 0.00192584
20 (QN/Block) 	Elapsed: 0.9	Loglikelihood: -1.45214e+06	(delta): 0.000458387
21 (QN/Block) 	Elapsed: 1.457	Loglikelihood: -1.45214e+06	(delta): 2.46828e-05
Summary: 
Converged in 21 iterations (28.398 sec)
Loglikelihood: -1452136.011993
Fst divergences between estimated populations: 
	Pop0	Pop1	Pop2	Pop3	Pop4	
Pop0	
Pop1	0.142	
Pop2	0.099	0.132	
Pop3	0.200	0.193	0.228	
Pop4	0.061	0.164	0.116	0.219	
Pop5	0.173	0.111	0.168	0.197	0.197	
CV error (K=6): 0.43212
Writing output files.
