****                   ADMIXTURE Version 1.3.0                  ****
****                    Copyright 2008-2015                     ****
****           David Alexander, Suyash Shringarpure,            ****
****                John  Novembre, Ken Lange                   ****
****                                                            ****
****                 Please cite our paper!                     ****
****   Information at www.genetics.ucla.edu/software/admixture  ****

Cross-validation will be performed.  Folds=5.
Random seed: 43
Point estimation method: Block relaxation algorithm
Convergence acceleration algorithm: QuasiNewton, 3 secant conditions
Point estimation will terminate when objective function delta < 0.0001
Estimation of standard errors disabled; will compute point estimates only.
Size of G: 215x9891
Performing five EM steps to prime main algorithm
1 (EM) 	Elapsed: 0.991	Loglikelihood: -1.76012e+06	(delta): 1.34349e+06
2 (EM) 	Elapsed: 0.796	Loglikelihood: -1.68129e+06	(delta): 78825.1
3 (EM) 	Elapsed: 0.919	Loglikelihood: -1.66604e+06	(delta): 15252.8
4 (EM) 	Elapsed: 0.591	Loglikelihood: -1.65686e+06	(delta): 9177.77
5 (EM) 	Elapsed: 0.975	Loglikelihood: -1.64939e+06	(delta): 7471.36
Initial loglikelihood: -1.64939e+06
Starting main algorithm
1 (QN/Block) 	Elapsed: 1.951	Loglikelihood: -1.50552e+06	(delta): 143876
2 (QN/Block) 	Elapsed: 1.457	Loglikelihood: -1.46416e+06	(delta): 41353.3
3 (QN/Block) 	Elapsed: 2.764	Loglikelihood: -1.44533e+06	(delta): 18832.2
4 (QN/Block) 	Elapsed: 2.346	Loglikelihood: -1.43396e+06	(delta): 11372.4
5 (QN/Block) 	Elapsed: 2.446	Loglikelihood: -1.42937e+06	(delta): 4591.57
6 (QN/Block) 	Elapsed: 2.788	Loglikelihood: -1.42565e+06	(delta): 3711.69
7 (QN/Block) 	Elapsed: 2.742	Loglikelihood: -1.4245e+06	(delta): 1155.22
8 (QN/Block) 	Elapsed: 2.733	Loglikelihood: -1.42405e+06	(delta): 444.746
9 (QN/Block) 	Elapsed: 1.734	Loglikelihood: -1.4238e+06	(delta): 254.547
10 (QN/Block) 	Elapsed: 2.569	Loglikelihood: -1.42356e+06	(delta): 241.061
11 (QN/Block) 	Elapsed: 2.578	Loglikelihood: -1.42333e+06	(delta): 226.729
12 (QN/Block) 	Elapsed: 2.389	Loglikelihood: -1.42321e+06	(delta): 118.413
13 (QN/Block) 	Elapsed: 2.88	Loglikelihood: -1.42315e+06	(delta): 61.6335
14 (QN/Block) 	Elapsed: 2.629	Loglikelihood: -1.42308e+06	(delta): 72.7313
15 (QN/Block) 	Elapsed: 2.663	Loglikelihood: -1.42301e+06	(delta): 72.9488
16 (QN/Block) 	Elapsed: 1.865	Loglikelihood: -1.42298e+06	(delta): 30.868
17 (QN/Block) 	Elapsed: 3.056	Loglikelihood: -1.42293e+06	(delta): 40.5437
18 (QN/Block) 	Elapsed: 2.381	Loglikelihood: -1.4229e+06	(delta): 33.5331
19 (QN/Block) 	Elapsed: 1.549	Loglikelihood: -1.42288e+06	(delta): 23.9776
20 (QN/Block) 	Elapsed: 2.456	Loglikelihood: -1.42286e+06	(delta): 20.7423
21 (QN/Block) 	Elapsed: 2.812	Loglikelihood: -1.42283e+06	(delta): 29.5229
22 (QN/Block) 	Elapsed: 1.935	Loglikelihood: -1.42277e+06	(delta): 52.225
23 (QN/Block) 	Elapsed: 1.869	Loglikelihood: -1.42276e+06	(delta): 16.3434
24 (QN/Block) 	Elapsed: 2.926	Loglikelihood: -1.42272e+06	(delta): 34.4744
25 (QN/Block) 	Elapsed: 2.751	Loglikelihood: -1.42269e+06	(delta): 29.762
26 (QN/Block) 	Elapsed: 2.654	Loglikelihood: -1.42269e+06	(delta): 2.01302
27 (QN/Block) 	Elapsed: 3.145	Loglikelihood: -1.42269e+06	(delta): 2.88076
28 (QN/Block) 	Elapsed: 2.635	Loglikelihood: -1.42269e+06	(delta): 3.86162
29 (QN/Block) 	Elapsed: 2.342	Loglikelihood: -1.42268e+06	(delta): 5.16084
30 (QN/Block) 	Elapsed: 2.617	Loglikelihood: -1.42268e+06	(delta): 1.65938
31 (QN/Block) 	Elapsed: 1.632	Loglikelihood: -1.42267e+06	(delta): 10.0525
32 (QN/Block) 	Elapsed: 1.474	Loglikelihood: -1.42266e+06	(delta): 10.7293
33 (QN/Block) 	Elapsed: 2.771	Loglikelihood: -1.42265e+06	(delta): 4.99614
34 (QN/Block) 	Elapsed: 2.969	Loglikelihood: -1.42265e+06	(delta): 1.92267
35 (QN/Block) 	Elapsed: 2.376	Loglikelihood: -1.42264e+06	(delta): 6.39404
36 (QN/Block) 	Elapsed: 1.979	Loglikelihood: -1.42264e+06	(delta): 4.51613
37 (QN/Block) 	Elapsed: 2.421	Loglikelihood: -1.42264e+06	(delta): 3.77727
38 (QN/Block) 	Elapsed: 2.456	Loglikelihood: -1.42263e+06	(delta): 8.79593
39 (QN/Block) 	Elapsed: 2.112	Loglikelihood: -1.42261e+06	(delta): 15.9885
40 (QN/Block) 	Elapsed: 2.193	Loglikelihood: -1.42259e+06	(delta): 22.2984
41 (QN/Block) 	Elapsed: 1.841	Loglikelihood: -1.42258e+06	(delta): 11.3355
42 (QN/Block) 	Elapsed: 2.329	Loglikelihood: -1.42258e+06	(delta): 0.95983
43 (QN/Block) 	Elapsed: 2.086	Loglikelihood: -1.42257e+06	(delta): 2.93633
44 (QN/Block) 	Elapsed: 2.239	Loglikelihood: -1.42257e+06	(delta): 5.98526
45 (QN/Block) 	Elapsed: 1.566	Loglikelihood: -1.42256e+06	(delta): 6.23528
46 (QN/Block) 	Elapsed: 2.133	Loglikelihood: -1.42256e+06	(delta): 4.60446
47 (QN/Block) 	Elapsed: 2.291	Loglikelihood: -1.42255e+06	(delta): 2.39583
48 (QN/Block) 	Elapsed: 2.305	Loglikelihood: -1.42255e+06	(delta): 1.31292
49 (QN/Block) 	Elapsed: 2.078	Loglikelihood: -1.42255e+06	(delta): 1.68961
50 (QN/Block) 	Elapsed: 1.707	Loglikelihood: -1.42255e+06	(delta): 1.44685
51 (QN/Block) 	Elapsed: 2.43	Loglikelihood: -1.42255e+06	(delta): 0.684477
52 (QN/Block) 	Elapsed: 2.015	Loglikelihood: -1.42255e+06	(delta): 0.525514
53 (QN/Block) 	Elapsed: 1.874	Loglikelihood: -1.42255e+06	(delta): 0.237137
54 (QN/Block) 	Elapsed: 2.508	Loglikelihood: -1.42255e+06	(delta): 0.0981754
55 (QN/Block) 	Elapsed: 2.535	Loglikelihood: -1.42255e+06	(delta): 0.0805113
56 (QN/Block) 	Elapsed: 3.135	Loglikelihood: -1.42255e+06	(delta): 0.0754085
57 (QN/Block) 	Elapsed: 3.068	Loglikelihood: -1.42255e+06	(delta): 0.0894028
58 (QN/Block) 	Elapsed: 2.399	Loglikelihood: -1.42255e+06	(delta): 0.0880922
59 (QN/Block) 	Elapsed: 1.625	Loglikelihood: -1.42255e+06	(delta): 0.0782016
60 (QN/Block) 	Elapsed: 1.691	Loglikelihood: -1.42255e+06	(delta): 0.0584
61 (QN/Block) 	Elapsed: 2.364	Loglikelihood: -1.42255e+06	(delta): 0.0681315
62 (QN/Block) 	Elapsed: 2.309	Loglikelihood: -1.42255e+06	(delta): 0.0365763
63 (QN/Block) 	Elapsed: 2.348	Loglikelihood: -1.42255e+06	(delta): 0.014693
64 (QN/Block) 	Elapsed: 2.149	Loglikelihood: -1.42255e+06	(delta): 0.00901548
65 (QN/Block) 	Elapsed: 2.631	Loglikelihood: -1.42255e+06	(delta): 0.0152534
66 (QN/Block) 	Elapsed: 1.696	Loglikelihood: -1.42255e+06	(delta): 0.00445756
67 (QN/Block) 	Elapsed: 2.218	Loglikelihood: -1.42255e+06	(delta): 0.00390975
68 (QN/Block) 	Elapsed: 3.167	Loglikelihood: -1.42255e+06	(delta): 0.00405363
69 (QN/Block) 	Elapsed: 2.251	Loglikelihood: -1.42255e+06	(delta): 0.00428004
70 (QN/Block) 	Elapsed: 2.94	Loglikelihood: -1.42255e+06	(delta): 0.00473771
71 (QN/Block) 	Elapsed: 1.688	Loglikelihood: -1.42255e+06	(delta): 0.00561517
72 (QN/Block) 	Elapsed: 2.966	Loglikelihood: -1.42255e+06	(delta): 0.0075104
73 (QN/Block) 	Elapsed: 2.703	Loglikelihood: -1.42255e+06	(delta): 0.00948538
74 (QN/Block) 	Elapsed: 2.947	Loglikelihood: -1.42255e+06	(delta): 0.013361
75 (QN/Block) 	Elapsed: 3.073	Loglikelihood: -1.42255e+06	(delta): 0.0196941
76 (QN/Block) 	Elapsed: 2.253	Loglikelihood: -1.42255e+06	(delta): 0.0281424
77 (QN/Block) 	Elapsed: 2.728	Loglikelihood: -1.42255e+06	(delta): 0.041321
78 (QN/Block) 	Elapsed: 2.036	Loglikelihood: -1.42255e+06	(delta): 0.0655879
79 (QN/Block) 	Elapsed: 2.46	Loglikelihood: -1.42255e+06	(delta): 0.111579
80 (QN/Block) 	Elapsed: 2.383	Loglikelihood: -1.42255e+06	(delta): 0.216634
81 (QN/Block) 	Elapsed: 2.754	Loglikelihood: -1.42255e+06	(delta): 0.47253
82 (QN/Block) 	Elapsed: 2.657	Loglikelihood: -1.42255e+06	(delta): 1.22593
83 (QN/Block) 	Elapsed: 2.281	Loglikelihood: -1.42254e+06	(delta): 3.21517
84 (QN/Block) 	Elapsed: 2.306	Loglikelihood: -1.42254e+06	(delta): 1.95362
85 (QN/Block) 	Elapsed: 1.554	Loglikelihood: -1.42254e+06	(delta): 0.110212
86 (QN/Block) 	Elapsed: 2.366	Loglikelihood: -1.42254e+06	(delta): 0.0464284
87 (QN/Block) 	Elapsed: 2.156	Loglikelihood: -1.42254e+06	(delta): 0.0140333
88 (QN/Block) 	Elapsed: 2.158	Loglikelihood: -1.42254e+06	(delta): 0.00612541
89 (QN/Block) 	Elapsed: 1.499	Loglikelihood: -1.42254e+06	(delta): 0.00927698
90 (QN/Block) 	Elapsed: 2.464	Loglikelihood: -1.42254e+06	(delta): 0.00730866
91 (QN/Block) 	Elapsed: 2.097	Loglikelihood: -1.42254e+06	(delta): 0.00942777
92 (QN/Block) 	Elapsed: 2.394	Loglikelihood: -1.42254e+06	(delta): 0.0202366
93 (QN/Block) 	Elapsed: 2.35	Loglikelihood: -1.42254e+06	(delta): 0.019791
94 (QN/Block) 	Elapsed: 2.505	Loglikelihood: -1.42254e+06	(delta): 0.200597
95 (QN/Block) 	Elapsed: 2.874	Loglikelihood: -1.42254e+06	(delta): 0.334829
96 (QN/Block) 	Elapsed: 2.589	Loglikelihood: -1.42254e+06	(delta): 0.347489
97 (QN/Block) 	Elapsed: 2.471	Loglikelihood: -1.42254e+06	(delta): 0.644995
98 (QN/Block) 	Elapsed: 2.394	Loglikelihood: -1.42254e+06	(delta): 1.46666
99 (QN/Block) 	Elapsed: 2.425	Loglikelihood: -1.42254e+06	(delta): 0.310845
100 (QN/Block) 	Elapsed: 2.173	Loglikelihood: -1.42254e+06	(delta): 0.292741
101 (QN/Block) 	Elapsed: 2.601	Loglikelihood: -1.42254e+06	(delta): 0.396791
102 (QN/Block) 	Elapsed: 2.846	Loglikelihood: -1.42254e+06	(delta): 0.482382
103 (QN/Block) 	Elapsed: 2.683	Loglikelihood: -1.42254e+06	(delta): 0.796609
104 (QN/Block) 	Elapsed: 2.978	Loglikelihood: -1.42253e+06	(delta): 0.737782
105 (QN/Block) 	Elapsed: 2.552	Loglikelihood: -1.42253e+06	(delta): 0.0562134
106 (QN/Block) 	Elapsed: 2.552	Loglikelihood: -1.42253e+06	(delta): 0.0183454
107 (QN/Block) 	Elapsed: 2.245	Loglikelihood: -1.42253e+06	(delta): 0.0117812
108 (QN/Block) 	Elapsed: 3.082	Loglikelihood: -1.42253e+06	(delta): 0.00546469
109 (QN/Block) 	Elapsed: 1.889	Loglikelihood: -1.42253e+06	(delta): 0.00288827
110 (QN/Block) 	Elapsed: 2.549	Loglikelihood: -1.42253e+06	(delta): 0.00063547
111 (QN/Block) 	Elapsed: 2.159	Loglikelihood: -1.42253e+06	(delta): 0.000195069
112 (QN/Block) 	Elapsed: 2.08	Loglikelihood: -1.42253e+06	(delta): 0.000238348
113 (QN/Block) 	Elapsed: 2.657	Loglikelihood: -1.42253e+06	(delta): 4.34879e-05
Summary: 
Converged in 113 iterations (280.136 sec)
Loglikelihood: -1422534.331364
Fst divergences between estimated populations: 
	Pop0	Pop1	Pop2	Pop3	Pop4	Pop5	Pop6	Pop7	
Pop0	
Pop1	0.077	
Pop2	0.072	0.037	
Pop3	0.068	0.096	0.092	
Pop4	0.177	0.158	0.152	0.190	
Pop5	0.226	0.207	0.205	0.240	0.200	
Pop6	0.129	0.110	0.107	0.145	0.142	0.232	
Pop7	0.207	0.184	0.180	0.219	0.117	0.199	0.174	
Pop8	0.170	0.145	0.140	0.183	0.093	0.203	0.144	0.129	
CV error (K=9): 0.45257
Writing output files.
